<?xml version="1.0" encoding="UTF-8"?>
<!-- Generated by org.testng.reporters.JUnitReportReporter -->
<testsuite hostname="DESKTOP-N63KF6M" failures="0" tests="1" name="PageTest_WM.GeneralMathPage_test" time="10.837" errors="0" timestamp="2023-06-14T10:31:38 GST" skipped="0">
  <testcase classname="PageTest_WM.GeneralMathPage_test" name="Pronouncing" time="10.837"/>
  <system-out/>
</testsuite> <!-- PageTest_WM.GeneralMathPage_test -->
