<?xml version="1.0" encoding="UTF-8"?>
<!-- Generated by org.testng.reporters.JUnitReportReporter -->
<testsuite hostname="DESKTOP-N63KF6M" failures="0" tests="1" name="PageTest_WM.Page_Test" time="14.233" errors="0" timestamp="2023-06-13T11:54:54 GST" skipped="0">
  <testcase classname="PageTest_WM.Page_Test" name="ValidateMath_Help" time="14.233"/>
  <system-out/>
</testsuite> <!-- PageTest_WM.Page_Test -->
