<?xml version="1.0" encoding="UTF-8"?>
<!-- Generated by org.testng.reporters.JUnitReportReporter -->
<testsuite hostname="DESKTOP-N63KF6M" failures="0" tests="1" name="PageTest_WM.K8MathPage_Test" time="11.822" errors="0" timestamp="2023-06-14T13:56:59 GST" skipped="0">
  <testcase classname="PageTest_WM.K8MathPage_Test" name="Compare_NumberLine" time="11.822"/>
  <system-out/>
</testsuite> <!-- PageTest_WM.K8MathPage_Test -->
