<?xml version="1.0" encoding="UTF-8"?>
<!-- Generated by org.testng.reporters.JUnitReportReporter -->
<testsuite hostname="DESKTOP-N63KF6M" failures="0" tests="1" name="PageTest_WM.Home_Page_Test" time="6.235" errors="0" timestamp="2023-06-14T15:27:01 GST" skipped="0">
  <testcase classname="PageTest_WM.Home_Page_Test" name="Validate_Home_page" time="6.235"/>
  <system-out/>
</testsuite> <!-- PageTest_WM.Home_Page_Test -->
