<?xml version="1.0" encoding="UTF-8"?>
<!-- Generated by org.testng.reporters.JUnitReportReporter -->
<testsuite hostname="DESKTOP-N63KF6M" failures="0" tests="1" name="PageTest_WM.MathForEveryone_pageTest" time="12.367" errors="0" timestamp="2023-06-14T08:43:50 GST" skipped="0">
  <testcase classname="PageTest_WM.MathForEveryone_pageTest" name="Lottery_Odds" time="12.367"/>
  <system-out/>
</testsuite> <!-- PageTest_WM.MathForEveryone_pageTest -->
